<?xml version="1.0" encoding="UTF-8"?>
<testng-results ignored="0" total="1" passed="1" failed="0" skipped="0">
  <reporter-output>
  </reporter-output>
  <suite started-at="2023-07-17T09:03:28 IST" name="Default suite" finished-at="2023-07-17T09:03:48 IST" duration-ms="19566">
    <groups>
    </groups>
    <test started-at="2023-07-17T09:03:28 IST" name="Default test" finished-at="2023-07-17T09:03:48 IST" duration-ms="19566">
      <class name="pomClasses.LoginToActiTimeApp">
        <test-method signature="loginTest()[pri:0, instance:pomClasses.LoginToActiTimeApp@35aea049]" started-at="2023-07-17T09:03:28 IST" name="loginTest" finished-at="2023-07-17T09:03:48 IST" duration-ms="19491" status="PASS">
          <reporter-output>
          </reporter-output>
        </test-method> <!-- loginTest -->
      </class> <!-- pomClasses.LoginToActiTimeApp -->
    </test> <!-- Default test -->
  </suite> <!-- Default suite -->
</testng-results>
